[1;31m21:48:51.104ms 4/18/2012 handle.js:[1;33m Error: ENOENT, open './client/templates/localhost.html'[0m
[1;31m21:48:59.186ms 4/18/2012 handle.js:[1;33m Error: ENOENT, open './client/templates/localhost.html'[0m
[1;31m21:48:59.833ms 4/18/2012 handle.js:[1;33m TypeError: Object #<IncomingMessage> has no method 'writeHead'[0m
[1;31m12:28:37.906ms 4/19/2012 nooline.js:[1;33m Error: ENOENT, open './client/cache/nooline.org/index.html'[0m

node.js:201
        throw e; // process.nextTick error, or 'error' event on first tick
              ^
Error: Unable to load shared library /var/www/node_modules/zombie/node_modules/jsdom/node_modules/contextify/build/Release/contextify.node
    at Object..node (module.js:472:11)
    at Module.load (module.js:348:31)
    at Function._load (module.js:308:12)
    at Module.require (module.js:354:17)
    at require (module.js:370:17)
    at Object.<anonymous> (/var/www/node_modules/zombie/node_modules/jsdom/node_modules/contextify/lib/contextify.js:2:22)
    at Module._compile (module.js:441:26)
    at Object..js (module.js:459:10)
    at Module.load (module.js:348:31)
    at Function._load (module.js:308:12)
[1;31m2:32:25.44ms 5/8/2012 handle.js:[1;33m Error: ENOENT, open './client/seo/colorfulfrog.net/robots.txt'[0m
[1;31m2:37:42.738ms 5/8/2012 handle.js:[1;33m Error: ENOENT, open './client/seo/www.skylerbrungardt.com/robots.txt'[0m
[1;31m2:57:29.534ms 5/8/2012 handle.js:[1;33m Error: ENOENT, open './client/seo/colorfulfrog.net/robots.txt'[0m
[1;31m3:15:50.71ms 5/8/2012 handle.js:[1;33m Error: ENOENT, open './client/seo/colorfulfrog.net/robots.txt'[0m
[1;31m4:26:55.110ms 5/8/2012 handle.js:[1;33m Error: ENOENT, open './blog/wp-content/plugins/global-translator/flag_zh-CN.png'[0m
[1;31m5:17:55.268ms 5/8/2012 handle.js:[1;33m Error: ENOENT, open './client/seo/colorfulfrog.net/robots.txt'[0m
[1;31m5:35:24.652ms 5/8/2012 handle.js:[1;33m Error: ENOENT, open './client/templates/proxyproxys.com.html'[0m
[1;31m6:9:41.617ms 5/8/2012 handle.js:[1;33m Error: ENOENT, open './client/seo/colorfulfrog.net/robots.txt'[0m
[1;31m6:14:48.116ms 5/8/2012 handle.js:[1;33m Error: ENOENT, open './client/seo/colorfulfrog.net/robots.txt'[0m
[1;31m6:15:39.621ms 5/8/2012 handle.js:[1;33m Error: ENOENT, open './client/seo/www.colorfulfrog.net/robots.txt'[0m
[1;31m6:16:29.827ms 5/8/2012 handle.js:[1;33m Error: ENOENT, open './client/seo/www.skylerbrungardt.com/robots.txt'[0m
[1;31m6:32:53.733ms 5/8/2012 handle.js:[1;33m Error: ENOENT, open './proxyheader.php'[0m
[1;31m7:36:46.824ms 5/8/2012 handle.js:[1;33m Error: ENOENT, open './client/seo/www.colorfulfrog.net/robots.txt'[0m
[1;31m7:43:20.293ms 5/8/2012 handle.js:[1;33m Error: ENOENT, open './client/seo/www.colorfulfrog.net/robots.txt'[0m
[1;31m7:53:55.605ms 5/8/2012 handle.js:[1;33m Error: ENOENT, open './client/seo/www.colorfulfrog.net/robots.txt'[0m
[1;31m8:11:12.343ms 5/8/2012 handle.js:[1;33m Error: ENOENT, open './client/seo/www.colorfulfrog.net/robots.txt'[0m
[1;31m8:17:18.110ms 5/8/2012 handle.js:[1;33m Error: ENOENT, open './client/seo/www.colorfulfrog.net/robots.txt'[0m
[1;31m8:38:35.277ms 5/8/2012 handle.js:[1;33m Error: ENOENT, open './client/seo/www.colorfulfrog.net/robots.txt'[0m
[1;31m9:4:53.740ms 5/8/2012 handle.js:[1;33m Error: ENOENT, open './client/seo/www.colorfulfrog.net/robots.txt'[0m
[1;31m9:5:36.579ms 5/8/2012 handle.js:[1;33m Error: ENOENT, open './client/seo/colorfulfrog.net/robots.txt'[0m
[1;31m9:30:11.404ms 5/8/2012 handle.js:[1;33m Error: ENOENT, open './https://github.com/StrictlySkyler/nooline'[0m
[1;31m9:35:57.621ms 5/8/2012 handle.js:[1;33m Error: ENOENT, open './client/seo/www.colorfulfrog.net/robots.txt'[0m
[1;31m9:37:8.392ms 5/8/2012 handle.js:[1;33m Error: ENOENT, open './default.aspx'[0m
[1;31m9:52:36.857ms 5/8/2012 handle.js:[1;33m Error: ENOENT, open './client/seo/colorfulfrog.net/robots.txt'[0m
[1;31m10:43:8.462ms 5/8/2012 handle.js:[1;33m Error: ENOENT, open './client/seo/colorfulfrog.net/robots.txt'[0m
[1;31m11:27:41.273ms 5/8/2012 handle.js:[1;33m Error: ENOENT, open './client/seo/colorfulfrog.net/robots.txt'[0m
[1;31m11:32:30.650ms 5/8/2012 handle.js:[1;33m TypeError: Object #<IncomingMessage> has no method 'writeHead'[0m
[1;31m11:44:34.413ms 5/8/2012 handle.js:[1;33m Error: ENOENT, open './client/seo/colorfulfrog.net/robots.txt'[0m
[1;31m12:8:6.324ms 5/8/2012 handle.js:[1;33m Error: ENOENT, open './https://github.com/StrictlySkyler/nooline'[0m
[1;31m12:8:6.395ms 5/8/2012 handle.js:[1;33m Error: ENOENT, open './logout/https://github.com/StrictlySkyler/nooline'[0m
[1;31m12:19:55.164ms 5/8/2012 handle.js:[1;33m Error: ENOENT, open './httpproxy/proxyheader.php'[0m
[1;31m12:32:56.764ms 5/8/2012 handle.js:[1;33m Error: ENOENT, open './client/seo/colorfulfrog.net/robots.txt'[0m
[1;31m13:18:22.348ms 5/8/2012 handle.js:[1;33m Error: ENOENT, open './client/seo/colorfulfrog.net/robots.txt'[0m
[1;31m13:34:57.4ms 5/8/2012 handle.js:[1;33m Error: ENOENT, open './client/seo/colorfulfrog.net/robots.txt'[0m
[1;31m13:50:5.69ms 5/8/2012 handle.js:[1;33m Error: ENOENT, open './https://github.com/StrictlySkyler/nooline'[0m
[1;31m14:19:9.747ms 5/8/2012 handle.js:[1;33m Error: ENOENT, open './ip.php'[0m
[1;31m14:21:57.213ms 5/8/2012 handle.js:[1;33m Error: ENOENT, open './client/seo/colorfulfrog.net/robots.txt'[0m
[1;31m14:30:21.954ms 5/8/2012 handle.js:[1;33m Error: ENOENT, open './ip.php'[0m
[1;31m14:36:3.642ms 5/8/2012 handle.js:[1;33m Error: ENOENT, open './client/seo/colorfulfrog.net/robots.txt'[0m
[1;31m14:54:30.86ms 5/8/2012 handle.js:[1;33m Error: ENOENT, open './https://github.com/StrictlySkyler/nooline'[0m
[1;31m14:54:30.156ms 5/8/2012 handle.js:[1;33m Error: ENOENT, open './logout/https://github.com/StrictlySkyler/nooline'[0m
[1;31m15:10:40.5ms 5/8/2012 handle.js:[1;33m Error: ENOENT, open './client/seo/colorfulfrog.net/robots.txt'[0m
[1;31m16:32:30.157ms 5/8/2012 handle.js:[1;33m Error: ENOENT, open './client/seo/colorfulfrog.net/robots.txt'[0m
[1;31m17:0:11.478ms 5/8/2012 handle.js:[1;33m Error: ENOENT, open './https://github.com/StrictlySkyler/nooline'[0m
[1;31m17:0:12.525ms 5/8/2012 handle.js:[1;33m Error: ENOENT, open './logout/https://github.com/StrictlySkyler/nooline'[0m
[1;31m17:41:3.636ms 5/8/2012 handle.js:[1;33m Error: ENOENT, open './client/seo/colorfulfrog.net/robots.txt'[0m
[1;31m18:18:4.19ms 5/8/2012 handle.js:[1;33m Error: ENOENT, open './client/seo/colorfulfrog.net/robots.txt'[0m
[1;31m18:20:49.494ms 5/8/2012 handle.js:[1;33m Error: ENOENT, open './blog/xmlrpc.php'[0m
[1;31m18:51:4.155ms 5/8/2012 handle.js:[1;33m Error: ENOENT, open './proxy/judge.php'[0m
[1;31m18:57:18.359ms 5/8/2012 handle.js:[1;33m Error: ENOENT, open './judge.php'[0m
[1;31m19:1:37.703ms 5/8/2012 handle.js:[1;33m Error: ENOENT, open './client/seo/colorfulfrog.net/robots.txt'[0m
[1;31m19:8:15.916ms 5/8/2012 handle.js:[1;33m Error: ENOENT, open './client/seo/colorfulfrog.net/robots.txt'[0m
[1;31m19:16:5.24ms 5/8/2012 handle.js:[1;33m Error: ENOENT, open './proxyheader.php'[0m
[1;31m19:19:49.328ms 5/8/2012 handle.js:[1;33m Error: ENOENT, open './client/seo/colorfulfrog.net/robots.txt'[0m
[1;31m19:35:55.960ms 5/8/2012 handle.js:[1;33m Error: ENOENT, open './blog/wp-content/plugins/global-translator/flag_zh-CN.png'[0m
[1;31m19:37:18.430ms 5/8/2012 handle.js:[1;33m Error: ENOENT, open './client/seo/colorfulfrog.net/robots.txt'[0m
[1;31m19:39:37.505ms 5/8/2012 handle.js:[1;33m Error: ENOENT, open './client/seo/colorfulfrog.net/robots.txt'[0m
[1;31m19:59:30.271ms 5/8/2012 handle.js:[1;33m Error: ENOENT, open './client/seo/colorfulfrog.net/robots.txt'[0m
[1;31m20:4:11.419ms 5/8/2012 handle.js:[1;33m Error: ENOENT, open './client/seo/colorfulfrog.net/robots.txt'[0m
[1;31m20:20:53.406ms 5/8/2012 handle.js:[1;33m Error: ENOENT, open './client/seo/colorfulfrog.net/robots.txt'[0m
[1;31m20:25:21.163ms 5/8/2012 handle.js:[1;33m Error: ENOENT, open './client/seo/colorfulfrog.net/robots.txt'[0m
[1;31m20:57:5.530ms 5/8/2012 handle.js:[1;33m Error: ENOENT, open './client/seo/colorfulfrog.net/robots.txt'[0m
[1;31m20:57:26.468ms 5/8/2012 handle.js:[1;33m Error: ENOENT, open './client/seo/colorfulfrog.net/robots.txt'[0m
[1;31m21:34:27.229ms 5/8/2012 handle.js:[1;33m Error: ENOENT, open './client/seo/colorfulfrog.net/robots.txt'[0m
[1;31m22:9:7.732ms 5/8/2012 handle.js:[1;33m Error: ENOENT, open './client/seo/colorfulfrog.net/robots.txt'[0m
[1;31m22:34:33.17ms 5/8/2012 handle.js:[1;33m Error: ENOENT, open './client/seo/colorfulfrog.net/robots.txt'[0m
[1;31m22:56:33.905ms 5/8/2012 handle.js:[1;33m Error: ENOENT, open './client/seo/colorfulfrog.net/robots.txt'[0m
[1;31m23:20:36.672ms 5/8/2012 handle.js:[1;33m Error: ENOENT, open './proxyheader.php'[0m
[1;31m23:33:17.107ms 5/8/2012 handle.js:[1;33m Error: ENOENT, open './client/seo/colorfulfrog.net/robots.txt'[0m
[1;31m23:38:39.4ms 5/8/2012 handle.js:[1;33m Error: ENOENT, open './proxyheader.php'[0m
[1;31m0:18:40.136ms 5/9/2012 handle.js:[1;33m Error: ENOENT, open './client/seo/colorfulfrog.net/robots.txt'[0m
[1;31m0:52:45.279ms 5/9/2012 handle.js:[1;33m Error: ENOENT, open './client/seo/colorfulfrog.net/robots.txt'[0m
[1;31m1:24:53.758ms 5/9/2012 handle.js:[1;33m Error: ENOENT, open './client/seo/colorfulfrog.net/robots.txt'[0m
[1;31m1:36:55.423ms 5/9/2012 handle.js:[1;33m Error: ENOENT, open './client/seo/colorfulfrog.net/robots.txt'[0m
[1;31m1:51:8.66ms 5/9/2012 handle.js:[1;33m Error: ENOENT, open './client/seo/colorfulfrog.net/robots.txt'[0m
[1;31m1:53:19.590ms 5/9/2012 handle.js:[1;33m Error: ENOENT, open './client/seo/imap.colorfulfrog.net/robots.txt'[0m
[1;31m1:59:39.997ms 5/9/2012 handle.js:[1;33m Error: ENOENT, open './client/seo/colorfulfrog.net/robots.txt'[0m
[1;31m2:7:42.793ms 5/9/2012 handle.js:[1;33m Error: ENOENT, open './client/seo/www.skylerbrungardt.com/robots.txt'[0m
[1;31m2:15:1.831ms 5/9/2012 handle.js:[1;33m Error: ENOENT, open './client/seo/www.skylerbrungardt.com/robots.txt'[0m
[1;31m2:26:42.901ms 5/9/2012 handle.js:[1;33m Error: ENOENT, open './client/seo/www.skylerbrungardt.com/robots.txt'[0m
[1;31m2:40:11.598ms 5/9/2012 handle.js:[1;33m Error: ENOENT, open './client/seo/pop.colorfulfrog.net/robots.txt'[0m
[1;31m2:42:21.592ms 5/9/2012 handle.js:[1;33m Error: ENOENT, open './client/seo/www.skylerbrungardt.com/robots.txt'[0m
[1;31m3:3:25.432ms 5/9/2012 handle.js:[1;33m Error: ENOENT, open './client/seo/www.skylerbrungardt.com/robots.txt'[0m
[1;31m3:5:30.963ms 5/9/2012 handle.js:[1;33m Error: ENOENT, open './client/seo/www.skylerbrungardt.com/robots.txt'[0m
[1;31m3:6:8.797ms 5/9/2012 handle.js:[1;33m Error: ENOENT, open './client/seo/colorfulfrog.net/robots.txt'[0m
[1;31m3:22:1.764ms 5/9/2012 handle.js:[1;33m Error: ENOENT, open './client/seo/colorfulfrog.net/robots.txt'[0m
[1;31m3:29:55.969ms 5/9/2012 handle.js:[1;33m Error: ENOENT, open './client/seo/www.skylerbrungardt.com/robots.txt'[0m
[1;31m3:32:24.367ms 5/9/2012 handle.js:[1;33m Error: ENOENT, open './client/seo/www.skylerbrungardt.com/robots.txt'[0m
[1;31m3:44:18.833ms 5/9/2012 handle.js:[1;33m Error: ENOENT, open './jj.php'[0m
[1;31m3:49:16.842ms 5/9/2012 handle.js:[1;33m Error: ENOENT, open './client/seo/www.skylerbrungardt.com/robots.txt'[0m
[1;31m3:52:9.975ms 5/9/2012 handle.js:[1;33m Error: ENOENT, open './client/seo/www.colorfulfrog.net/robots.txt'[0m
[1;31m3:54:21.589ms 5/9/2012 handle.js:[1;33m Error: ENOENT, open './client/seo/colorfulfrog.net/robots.txt'[0m
[1;31m3:56:17.345ms 5/9/2012 handle.js:[1;33m Error: ENOENT, open './client/seo/colorfulfrog.net/robots.txt'[0m
[1;31m4:0:32.462ms 5/9/2012 handle.js:[1;33m Error: ENOENT, open './client/seo/www.skylerbrungardt.com/robots.txt'[0m
[1;31m4:30:7.140ms 5/9/2012 handle.js:[1;33m Error: ENOENT, open './client/seo/www.skylerbrungardt.com/robots.txt'[0m
[1;31m4:38:28.388ms 5/9/2012 handle.js:[1;33m Error: ENOENT, open './client/seo/www.skylerbrungardt.com/robots.txt'[0m
[1;31m4:45:59.572ms 5/9/2012 handle.js:[1;33m Error: ENOENT, open './client/seo/colorfulfrog.net/robots.txt'[0m
[1;31m5:14:14.664ms 5/9/2012 handle.js:[1;33m Error: ENOENT, open './client/seo/colorfulfrog.net/robots.txt'[0m
[1;31m5:28:1.510ms 5/9/2012 handle.js:[1;33m Error: ENOENT, open './client/seo/colorfulfrog.net/robots.txt'[0m
[1;31m5:55:27.40ms 5/9/2012 handle.js:[1;33m Error: ENOENT, open './client/seo/colorfulfrog.net/robots.txt'[0m
[1;31m5:57:14.191ms 5/9/2012 handle.js:[1;33m Error: ENOENT, open './judge.php'[0m
[1;31m6:14:23.396ms 5/9/2012 handle.js:[1;33m Error: ENOENT, open './client/templates/undefined.html'[0m
This type of response MUST NOT have a body. Ignoring write() calls.
[1;31m7:54:27.27ms 5/9/2012 handle.js:[1;33m Error: ENOENT, open './client/seo/colorfulfrog.net/robots.txt'[0m
[1;31m8:8:47.532ms 5/9/2012 handle.js:[1;33m Error: ENOENT, open './client/seo/colorfulfrog.net/robots.txt'[0m
[1;31m8:45:47.704ms 5/9/2012 handle.js:[1;33m Error: ENOENT, open './client/seo/colorfulfrog.net/robots.txt'[0m
[1;31m9:37:27.786ms 5/9/2012 handle.js:[1;33m Error: ENOENT, open './client/seo/colorfulfrog.net/robots.txt'[0m
[1;31m10:10:52.480ms 5/9/2012 handle.js:[1;33m Error: ENOENT, open './client/seo/colorfulfrog.net/robots.txt'[0m
[1;31m10:18:28.386ms 5/9/2012 handle.js:[1;33m Error: ENOENT, open './judge.php'[0m
[1;31m10:18:40.363ms 5/9/2012 handle.js:[1;33m Error: ENOENT, open './https://github.com/StrictlySkyler/nooline'[0m
[1;31m10:18:41.410ms 5/9/2012 handle.js:[1;33m Error: ENOENT, open './logout/https://github.com/StrictlySkyler/nooline'[0m
[1;31m10:38:13.339ms 5/9/2012 handle.js:[1;33m Error: ENOENT, open './client/seo/colorfulfrog.net/robots.txt'[0m
[1;31m10:53:57.585ms 5/9/2012 handle.js:[1;33m Error: ENOENT, open './client/seo/colorfulfrog.net/robots.txt'[0m
[1;31m11:5:38.256ms 5/9/2012 handle.js:[1;33m Error: ENOENT, open './client/seo/colorfulfrog.net/robots.txt'[0m
This type of response MUST NOT have a body. Ignoring write() calls.
This type of response MUST NOT have a body. Ignoring write() calls.
[1;31m11:30:41.183ms 5/9/2012 handle.js:[1;33m Error: ENOENT, open './client/seo/colorfulfrog.net/robots.txt'[0m
[1;31m11:33:6.693ms 5/9/2012 handle.js:[1;33m Error: ENOENT, open './client/seo/colorfulfrog.net/robots.txt'[0m
[1;31m11:33:57.218ms 5/9/2012 handle.js:[1;33m Error: ENOENT, open './client/seo/www.colorfulfrog.net/robots.txt'[0m
[1;31m11:34:48.463ms 5/9/2012 handle.js:[1;33m Error: ENOENT, open './client/seo/www.skylerbrungardt.com/robots.txt'[0m
[1;31m11:41:8.406ms 5/9/2012 handle.js:[1;33m Error: ENOENT, open './client/seo/colorfulfrog.net/robots.txt'[0m
[1;31m12:28:8.656ms 5/9/2012 handle.js:[1;33m Error: ENOENT, open './client/seo/colorfulfrog.net/robots.txt'[0m
[1;31m12:59:25.665ms 5/9/2012 handle.js:[1;33m Error: ENOENT, open './proxy/judge.php'[0m
[1;31m13:22:44.956ms 5/9/2012 handle.js:[1;33m Error: ENOENT, open './client/seo/colorfulfrog.net/robots.txt'[0m
[1;31m13:53:17.976ms 5/9/2012 handle.js:[1;33m Error: ENOENT, open './client/seo/colorfulfrog.net/robots.txt'[0m
[1;31m14:24:31.95ms 5/9/2012 handle.js:[1;33m Error: ENOENT, open './client/seo/colorfulfrog.net/robots.txt'[0m
[1;31m15:32:51.761ms 5/9/2012 handle.js:[1;33m Error: ENOENT, open './client/seo/colorfulfrog.net/robots.txt'[0m
[1;31m15:45:26.338ms 5/9/2012 handle.js:[1;33m Error: ENOENT, open './https://github.com/StrictlySkyler/nooline'[0m
[1;31m15:45:26.562ms 5/9/2012 handle.js:[1;33m Error: ENOENT, open './logout/https://github.com/StrictlySkyler/nooline'[0m
[1;31m16:19:59.209ms 5/9/2012 handle.js:[1;33m Error: ENOENT, open './client/seo/colorfulfrog.net/robots.txt'[0m
[1;31m16:39:56.448ms 5/9/2012 handle.js:[1;33m Error: ENOENT, open './client/seo/colorfulfrog.net/robots.txt'[0m
[1;31m16:47:35.145ms 5/9/2012 handle.js:[1;33m Error: ENOENT, open './client/seo/colorfulfrog.net/robots.txt'[0m
[1;31m16:57:27.781ms 5/9/2012 handle.js:[1;33m Error: ENOENT, open './proxy/judge.php'[0m
[1;31m17:27:48.164ms 5/9/2012 handle.js:[1;33m Error: ENOENT, open './client/seo/colorfulfrog.net/robots.txt'[0m
[1;31m18:11:26.218ms 5/9/2012 handle.js:[1;33m Error: ENOENT, open './client/seo/colorfulfrog.net/robots.txt'[0m
[1;31m18:22:56.965ms 5/9/2012 handle.js:[1;33m Error: ENOENT, open './client/seo/colorfulfrog.net/robots.txt'[0m
[1;31m18:48:34.296ms 5/9/2012 handle.js:[1;33m Error: ENOENT, open './client/seo/colorfulfrog.net/robots.txt'[0m
[1;31m18:49:32.407ms 5/9/2012 handle.js:[1;33m Error: ENOENT, open './blog/xmlrpc.php'[0m
[1;31m19:1:35.505ms 5/9/2012 handle.js:[1;33m Error: ENOENT, open './client/seo/colorfulfrog.net/robots.txt'[0m
[1;31m19:3:1.705ms 5/9/2012 handle.js:[1;33m Error: ENOENT, open './proxyheader.php'[0m
[1;31m19:4:20.322ms 5/9/2012 handle.js:[1;33m Error: ENOENT, open './admin/spaw/spacer.gif'[0m
This type of response MUST NOT have a body. Ignoring write() calls.
[1;31m19:19:0.283ms 5/9/2012 handle.js:[1;33m Error: ENOENT, open './index.php'[0m
[1;31m19:45:34.28ms 5/9/2012 handle.js:[1;33m Error: ENOENT, open './client/seo/colorfulfrog.net/robots.txt'[0m
[1;31m20:21:12.403ms 5/9/2012 handle.js:[1;33m Error: ENOENT, open './client/templates/undefined.html'[0m
This type of response MUST NOT have a body. Ignoring write() calls.
[1;31m20:39:27.472ms 5/9/2012 handle.js:[1;33m Error: ENOENT, open './client/seo/colorfulfrog.net/robots.txt'[0m
[1;31m20:53:22.577ms 5/9/2012 handle.js:[1;33m Error: ENOENT, open './client/seo/colorfulfrog.net/robots.txt'[0m
[1;31m21:2:46.259ms 5/9/2012 handle.js:[1;33m Error: ENOENT, open './client/seo/colorfulfrog.net/robots.txt'[0m
[1;31m21:40:55.884ms 5/9/2012 handle.js:[1;33m Error: ENOENT, open './client/seo/www.colorfulfrog.net/robots.txt'[0m
[1;31m21:59:23.485ms 5/9/2012 handle.js:[1;33m Error: ENOENT, open './client/seo/colorfulfrog.net/robots.txt'[0m
[1;31m22:6:29.889ms 5/9/2012 handle.js:[1;33m Error: ENOENT, open './proxyheader.php'[0m
[1;31m22:12:56.994ms 5/9/2012 handle.js:[1;33m Error: ENOENT, open './client/templates/173.246.103.121.html'[0m
This type of response MUST NOT have a body. Ignoring write() calls.
[1;31m22:14:18.761ms 5/9/2012 handle.js:[1;33m Error: ENOENT, open './client/seo/colorfulfrog.net/robots.txt'[0m
[1;31m22:33:39.788ms 5/9/2012 handle.js:[1;33m Error: ENOENT, open './client/seo/colorfulfrog.net/robots.txt'[0m
[1;31m23:12:53.68ms 5/9/2012 handle.js:[1;33m Error: ENOENT, open './client/seo/colorfulfrog.net/robots.txt'[0m
[1;31m23:18:33.893ms 5/9/2012 handle.js:[1;33m Error: ENOENT, open './client/seo/www.skylerbrungardt.com/robots.txt'[0m
[1;31m23:24:0.525ms 5/9/2012 handle.js:[1;33m Error: ENOENT, open './client/seo/colorfulfrog.net/robots.txt'[0m
[1;31m23:55:4.121ms 5/9/2012 handle.js:[1;33m Error: ENOENT, open './client/seo/colorfulfrog.net/robots.txt'[0m
This type of response MUST NOT have a body. Ignoring write() calls.
This type of response MUST NOT have a body. Ignoring write() calls.
[1;31m0:22:33.815ms 5/10/2012 handle.js:[1;33m Error: ENOENT, open './client/templates/undefined.html'[0m
This type of response MUST NOT have a body. Ignoring write() calls.
[1;31m0:29:12.440ms 5/10/2012 handle.js:[1;33m Error: ENOENT, open './client/seo/colorfulfrog.net/robots.txt'[0m
[1;31m1:2:28.242ms 5/10/2012 handle.js:[1;33m Error: ENOENT, open './index.php'[0m
[1;31m1:8:27.356ms 5/10/2012 handle.js:[1;33m Error: ENOENT, open './proxyheader.php'[0m
[1;31m1:11:4.480ms 5/10/2012 handle.js:[1;33m Error: ENOENT, open './client/templates/undefined.html'[0m
This type of response MUST NOT have a body. Ignoring write() calls.
[1;31m1:12:5.256ms 5/10/2012 handle.js:[1;33m Error: ENOENT, open './client/seo/colorfulfrog.net/robots.txt'[0m
[1;31m1:22:21.845ms 5/10/2012 handle.js:[1;33m Error: ENOENT, open './https://github.com/StrictlySkyler/nooline'[0m
[1;31m1:22:22.3ms 5/10/2012 handle.js:[1;33m Error: ENOENT, open './logout/https://github.com/StrictlySkyler/nooline'[0m
[1;31m1:45:0.433ms 5/10/2012 handle.js:[1;33m Error: ENOENT, open './client/seo/colorfulfrog.net/robots.txt'[0m
[1;31m1:55:11.567ms 5/10/2012 handle.js:[1;33m Error: ENOENT, open './client/seo/colorfulfrog.net/robots.txt'[0m
[1;31m2:9:55.775ms 5/10/2012 handle.js:[1;33m Error: ENOENT, open './https://github.com/StrictlySkyler/nooline'[0m
[1;31m2:9:55.849ms 5/10/2012 handle.js:[1;33m Error: ENOENT, open './logout/https://github.com/StrictlySkyler/nooline'[0m
[1;31m2:18:23.117ms 5/10/2012 handle.js:[1;33m Error: ENOENT, open './client/seo/colorfulfrog.net/robots.txt'[0m
[1;31m2:42:45.466ms 5/10/2012 handle.js:[1;33m Error: ENOENT, open './client/seo/colorfulfrog.net/robots.txt'[0m
[1;31m2:43:14.501ms 5/10/2012 handle.js:[1;33m Error: ENOENT, open './client/seo/www.skylerbrungardt.com/robots.txt'[0m
[1;31m3:5:26.208ms 5/10/2012 handle.js:[1;33m Error: ENOENT, open './client/seo/colorfulfrog.net/robots.txt'[0m
[1;31m3:34:32.871ms 5/10/2012 handle.js:[1;33m Error: ENOENT, open './https://github.com/StrictlySkyler/nooline'[0m
[1;31m3:43:20.57ms 5/10/2012 handle.js:[1;33m Error: ENOENT, open './client/templates/undefined.html'[0m
This type of response MUST NOT have a body. Ignoring write() calls.
[1;31m3:50:57.527ms 5/10/2012 handle.js:[1;33m Error: ENOENT, open './client/templates/undefined.html'[0m
This type of response MUST NOT have a body. Ignoring write() calls.
[1;31m3:52:26.284ms 5/10/2012 handle.js:[1;33m Error: ENOENT, open './client/seo/colorfulfrog.net/robots.txt'[0m
[1;31m4:15:27.81ms 5/10/2012 handle.js:[1;33m Error: ENOENT, open './client/seo/colorfulfrog.net/robots.txt'[0m
[1;31m4:35:17.269ms 5/10/2012 handle.js:[1;33m Error: ENOENT, open './client/seo/colorfulfrog.net/robots.txt'[0m
[1;31m4:38:2.581ms 5/10/2012 handle.js:[1;33m Error: ENOENT, open './proxy/judge.php'[0m
[1;31m6:5:21.522ms 5/10/2012 handle.js:[1;33m Error: ENOENT, open './client/seo/colorfulfrog.net/robots.txt'[0m
[1;31m6:7:45.499ms 5/10/2012 handle.js:[1;33m Error: ENOENT, open './https://github.com/StrictlySkyler/nooline'[0m
[1;31m6:7:45.703ms 5/10/2012 handle.js:[1;33m Error: ENOENT, open './logout/https://github.com/StrictlySkyler/nooline'[0m
[1;31m6:35:23.276ms 5/10/2012 handle.js:[1;33m Error: ENOENT, open './client/seo/colorfulfrog.net/robots.txt'[0m
[1;31m6:45:10.902ms 5/10/2012 handle.js:[1;33m Error: ENOENT, open './client/seo/colorfulfrog.net/robots.txt'[0m
[1;31m7:8:27.830ms 5/10/2012 handle.js:[1;33m Error: ENOENT, open './client/seo/colorfulfrog.net/robots.txt'[0m
[1;31m7:9:18.458ms 5/10/2012 handle.js:[1;33m Error: ENOENT, open './client/seo/www.colorfulfrog.net/robots.txt'[0m
[1;31m7:10:9.910ms 5/10/2012 handle.js:[1;33m Error: ENOENT, open './client/seo/www.skylerbrungardt.com/robots.txt'[0m
[1;31m7:12:31.56ms 5/10/2012 handle.js:[1;33m Error: ENOENT, open './ip.php'[0m
[1;31m7:28:15.502ms 5/10/2012 handle.js:[1;33m Error: ENOENT, open './client/seo/colorfulfrog.net/robots.txt'[0m
[1;31m7:32:5.772ms 5/10/2012 handle.js:[1;33m Error: ENOENT, open './proxyheader.php'[0m
[1;31m8:10:20.224ms 5/10/2012 handle.js:[1;33m Error: ENOENT, open './judge.php'[0m
[1;31m8:10:48.879ms 5/10/2012 handle.js:[1;33m Error: ENOENT, open './client/seo/www.skylerbrungardt.com/robots.txt'[0m
[1;31m8:12:28.611ms 5/10/2012 handle.js:[1;33m Error: ENOENT, open './client/seo/colorfulfrog.net/robots.txt'[0m
[1;31m8:17:25.525ms 5/10/2012 handle.js:[1;33m Error: ENOENT, open './client/seo/www.skylerbrungardt.com/robots.txt'[0m
[1;31m8:28:31.635ms 5/10/2012 handle.js:[1;33m Error: ENOENT, open './client/seo/www.skylerbrungardt.com/robots.txt'[0m
[1;31m8:33:47.507ms 5/10/2012 handle.js:[1;33m Error: ENOENT, open './client/seo/colorfulfrog.net/robots.txt'[0m
[1;31m8:43:35.52ms 5/10/2012 handle.js:[1;33m Error: ENOENT, open './proxyheader.php'[0m
[1;31m8:46:2.631ms 5/10/2012 handle.js:[1;33m Error: ENOENT, open './client/seo/www.skylerbrungardt.com/robots.txt'[0m
[1;31m9:8:19.926ms 5/10/2012 handle.js:[1;33m Error: ENOENT, open './client/seo/www.skylerbrungardt.com/robots.txt'[0m
[1;31m9:14:59.518ms 5/10/2012 handle.js:[1;33m Error: ENOENT, open './client/seo/colorfulfrog.net/robots.txt'[0m
[1;31m9:28:20.323ms 5/10/2012 handle.js:[1;33m Error: ENOENT, open './client/seo/colorfulfrog.net/robots.txt'[0m
[1;31m9:34:43.687ms 5/10/2012 handle.js:[1;33m Error: ENOENT, open './client/seo/www.skylerbrungardt.com/robots.txt'[0m
[1;31m10:6:41.676ms 5/10/2012 handle.js:[1;33m Error: ENOENT, open './client/seo/www.skylerbrungardt.com/robots.txt'[0m
[1;31m10:10:42.799ms 5/10/2012 handle.js:[1;33m Error: ENOENT, open './client/seo/colorfulfrog.net/robots.txt'[0m
[1;31m10:14:40.799ms 5/10/2012 handle.js:[1;33m Error: ENOENT, open './proxy/judge.php'[0m
[1;31m10:26:10.892ms 5/10/2012 handle.js:[1;33m Error: ENOENT, open './judge.php'[0m
[1;31m10:33:38.572ms 5/10/2012 handle.js:[1;33m Error: ENOENT, open './client/seo/colorfulfrog.net/robots.txt'[0m
[1;31m10:53:50.617ms 5/10/2012 handle.js:[1;33m Error: ENOENT, open './client/seo/colorfulfrog.net/robots.txt'[0m
[1;31m11:12:5.775ms 5/10/2012 handle.js:[1;33m Error: ENOENT, open './client/seo/colorfulfrog.net/robots.txt'[0m
[1;31m11:54:14.531ms 5/10/2012 handle.js:[1;33m Error: ENOENT, open './proxyheader.php'[0m
[1;31m11:55:17.390ms 5/10/2012 handle.js:[1;33m Error: ENOENT, open './client/seo/colorfulfrog.net/robots.txt'[0m
[1;31m12:19:43.320ms 5/10/2012 handle.js:[1;33m Error: ENOENT, open './client/seo/colorfulfrog.net/robots.txt'[0m
[1;31m12:19:43.419ms 5/10/2012 handle.js:[1;33m Error: ENOENT, open './client/seo/www.colorfulfrog.net/robots.txt'[0m
[1;31m12:24:53.984ms 5/10/2012 handle.js:[1;33m Error: ENOENT, open './client/seo/www.skylerbrungardt.com/robots.txt'[0m
[1;31m12:27:17.736ms 5/10/2012 handle.js:[1;33m Error: ENOENT, open './client/seo/colorfulfrog.net/robots.txt'[0m
[1;31m12:35:19.758ms 5/10/2012 handle.js:[1;33m Error: ENOENT, open './client/templates/proxyproxys.com.html'[0m
[1;31m12:57:48.685ms 5/10/2012 handle.js:[1;33m Error: ENOENT, open './client/seo/www.skylerbrungardt.com/robots.txt'[0m
[1;31m13:8:12.231ms 5/10/2012 handle.js:[1;33m Error: ENOENT, open './client/seo/colorfulfrog.net/robots.txt'[0m
[1;31m13:23:38.956ms 5/10/2012 handle.js:[1;33m Error: ENOENT, open './client/seo/colorfulfrog.net/robots.txt'[0m
[1;31m13:57:42.628ms 5/10/2012 handle.js:[1;33m Error: ENOENT, open './client/seo/colorfulfrog.net/robots.txt'[0m
[1;31m13:58:11.828ms 5/10/2012 handle.js:[1;33m Error: ENOENT, open './https://github.com/StrictlySkyler/nooline'[0m
[1;31m13:58:11.891ms 5/10/2012 handle.js:[1;33m Error: ENOENT, open './logout/https://github.com/StrictlySkyler/nooline'[0m
[1;31m14:29:43.668ms 5/10/2012 handle.js:[1;33m Error: ENOENT, open './client/seo/colorfulfrog.net/robots.txt'[0m
[1;31m14:49:7.393ms 5/10/2012 handle.js:[1;33m Error: ENOENT, open './client/seo/colorfulfrog.net/robots.txt'[0m
[1;31m15:0:46.328ms 5/10/2012 handle.js:[1;33m Error: ENOENT, open './client/seo/colorfulfrog.net/robots.txt'[0m
[1;31m15:11:21.497ms 5/10/2012 handle.js:[1;33m Error: ENOENT, open './client/seo/colorfulfrog.net/robots.txt'[0m
[1;31m15:35:5.285ms 5/10/2012 handle.js:[1;33m Error: ENOENT, open './client/seo/colorfulfrog.net/robots.txt'[0m
[1;31m15:57:5.825ms 5/10/2012 handle.js:[1;33m Error: ENOENT, open './client/seo/imap.colorfulfrog.net/robots.txt'[0m
[1;31m16:13:57.673ms 5/10/2012 handle.js:[1;33m Error: ENOENT, open './https://github.com/StrictlySkyler/nooline'[0m
[1;31m16:22:54.987ms 5/10/2012 handle.js:[1;33m Error: ENOENT, open './w00tw00t.at.blackhats.romanian.anti-sec:)'[0m
[1;31m16:22:54.999ms 5/10/2012 handle.js:[1;33m Error: ENOENT, open './phpMyAdmin/scripts/setup.php'[0m
[1;31m16:22:55.35ms 5/10/2012 handle.js:[1;33m Error: ENOENT, open './phpmyadmin/scripts/setup.php'[0m
[1;31m16:22:55.48ms 5/10/2012 handle.js:[1;33m Error: ENOENT, open './pma/scripts/setup.php'[0m
[1;31m16:22:55.59ms 5/10/2012 handle.js:[1;33m Error: ENOENT, open './myadmin/scripts/setup.php'[0m
[1;31m16:22:55.70ms 5/10/2012 handle.js:[1;33m Error: ENOENT, open './MyAdmin/scripts/setup.php'[0m
[1;31m16:26:39.582ms 5/10/2012 handle.js:[1;33m Error: ENOENT, open './client/seo/pop.colorfulfrog.net/robots.txt'[0m
[1;31m16:55:30.764ms 5/10/2012 handle.js:[1;33m Error: ENOENT, open './proxy/judge.php'[0m
[1;31m16:56:14.789ms 5/10/2012 handle.js:[1;33m Error: ENOENT, open './client/seo/colorfulfrog.net/robots.txt'[0m
[1;31m17:17:48.748ms 5/10/2012 handle.js:[1;33m Error: ENOENT, open './client/seo/colorfulfrog.net/robots.txt'[0m
[1;31m17:36:41.746ms 5/10/2012 handle.js:[1;33m Error: ENOENT, open './client/templates/undefined.html'[0m
This type of response MUST NOT have a body. Ignoring write() calls.
[1;31m17:48:24.913ms 5/10/2012 handle.js:[1;33m Error: ENOENT, open './client/seo/colorfulfrog.net/robots.txt'[0m
[1;31m18:24:18.173ms 5/10/2012 handle.js:[1;33m Error: ENOENT, open './client/seo/colorfulfrog.net/robots.txt'[0m
